#
# There is insufficient memory for the Java Runtime Environment to continue.
# Native memory allocation (mmap) failed to map 266338304 bytes for G1 virtual space
# Possible reasons:
#   The system is out of physical RAM or swap space
#   The process is running with CompressedOops enabled, and the Java Heap may be blocking the growth of the native heap
# Possible solutions:
#   Reduce memory load on the system
#   Increase physical memory or swap space
#   Check if swap backing store is full
#   Decrease Java heap size (-Xmx/-Xms)
#   Decrease number of Java threads
#   Decrease Java thread stack sizes (-Xss)
#   Set larger code cache with -XX:ReservedCodeCacheSize=
#   JVM is running with Zero Based Compressed Oops mode in which the Java heap is
#     placed in the first 32GB address space. The Java Heap base address is the
#     maximum limit for the native heap growth. Please use -XX:HeapBaseMinAddress
#     to set the Java Heap base and to place the Java Heap above 32GB virtual address.
# This output file may be truncated or incomplete.
#
#  Out of Memory Error (os_windows.cpp:3466), pid=67592, tid=85068
#
# JRE version:  (16.0.2+7) (build )
# Java VM: OpenJDK 64-Bit Server VM (16.0.2+7-67, mixed mode, sharing, tiered, compressed oops, compressed class ptrs, g1 gc, windows-amd64)
# No core dump will be written. Minidumps are not enabled by default on client versions of Windows
#

---------------  S U M M A R Y ------------

Command Line: -ea -Dfile.encoding=Cp1252 -XX:+ShowCodeDetailsInExceptionMessages org.testng.remote.RemoteTestNG -serport 65267 -protocol json -d C:\Users\nitkhitha.kuthukur\OneDrive - J.Jill\Automation\Projects\JJillTest\test-output C:\Users\nitkhitha.kuthukur\OneDrive - J.Jill\Automation\Projects\JJillTest\testng.xml

Host: Intel(R) Core(TM) i5-8350U CPU @ 1.70GHz, 8 cores, 15G,  Windows 10 , 64 bit Build 18362 (10.0.18362.1766)
Time: Tue Oct 12 14:28:03 2021 Eastern Daylight Time elapsed time: 0.024408 seconds (0d 0h 0m 0s)

---------------  T H R E A D  ---------------

Current thread (0x000002543573a7a0):  JavaThread "Unknown thread" [_thread_in_vm, id=85068, stack(0x000000ff1e800000,0x000000ff1e900000)]

Stack: [0x000000ff1e800000,0x000000ff1e900000]
Native frames: (J=compiled Java code, j=interpreted, Vv=VM code, C=native code)
V  [jvm.dll+0x6681ca]
V  [jvm.dll+0x7c9e69]
V  [jvm.dll+0x7cb61e]
V  [jvm.dll+0x7cbc73]
V  [jvm.dll+0x242c55]
V  [jvm.dll+0x664f89]
V  [jvm.dll+0x659b75]
V  [jvm.dll+0x2fbfbb]
V  [jvm.dll+0x3031b6]
V  [jvm.dll+0x35299e]
V  [jvm.dll+0x352bcf]
V  [jvm.dll+0x2d3028]
V  [jvm.dll+0x2d4264]
V  [jvm.dll+0x79c741]
V  [jvm.dll+0x360791]
V  [jvm.dll+0x77a3f0]
V  [jvm.dll+0x3e4e8f]
V  [jvm.dll+0x3e6961]
C  [jli.dll+0x52fb]
C  [ucrtbase.dll+0x210b2]
C  [KERNEL32.dll+0x17c24]
C  [ntdll.dll+0x6d721]


---------------  P R O C E S S  ---------------

Threads class SMR info:
_java_thread_list=0x00007ffe6f61cbb8, length=0, elements={
}

Java Threads: ( => current thread )

Other Threads:
  0x00000254377988d0 GCTaskThread "GC Thread#0" [stack: 0x000000ff1e900000,0x000000ff1ea00000] [id=9440]
  0x00000254377ab710 ConcurrentGCThread "G1 Main Marker" [stack: 0x000000ff1ea00000,0x000000ff1eb00000] [id=26564]
  0x00000254377ac110 ConcurrentGCThread "G1 Conc#0" [stack: 0x000000ff1eb00000,0x000000ff1ec00000] [id=14020]

[error occurred during error reporting (printing all threads), id 0xc0000005, EXCEPTION_ACCESS_VIOLATION (0xc0000005) at pc=0x00007ffe6edf3ee7]

VM state: not at safepoint (not fully initialized)

VM Mutex/Monitor currently owned by a thread:  ([mutex/lock_event])
[0x000002543774a5f0] Heap_lock - owner thread: 0x000002543573a7a0

Heap address: 0x0000000702200000, size: 4062 MB, Compressed Oops mode: Zero based, Oop shift amount: 3

CDS archive(s) mapped at: [0x0000000000000000-0x0000000000000000-0x0000000000000000), size 0, SharedBaseAddress: 0x0000000800000000, ArchiveRelocationMode: 0.
Narrow klass base: 0x0000000000000000, Narrow klass shift: 0, Narrow klass range: 0x0

GC Precious Log:
<Empty>

Heap:
 garbage-first heap   total 0K, used 0K [0x0000000702200000, 0x0000000800000000)
  region size 2048K, 0 young (0K), 0 survivors (0K)

[error occurred during error reporting (printing heap information), id 0xc0000005, EXCEPTION_ACCESS_VIOLATION (0xc0000005) at pc=0x00007ffe6f1d1eed]

GC Heap History (0 events):
No events

Deoptimization events (0 events):
No events

Classes unloaded (0 events):
No events

Classes redefined (0 events):
No events

Internal exceptions (0 events):
No events

Events (1 events):
Event: 0.014 Loaded shared library C:\Users\nitkhitha.kuthukur\.p2\pool\plugins\org.eclipse.justj.openjdk.hotspot.jre.full.win32.x86_64_16.0.2.v20210721-1149\jre\bin\java.dll


Dynamic libraries:
0x00007ff78f780000 - 0x00007ff78f78e000 	C:\Users\nitkhitha.kuthukur\.p2\pool\plugins\org.eclipse.justj.openjdk.hotspot.jre.full.win32.x86_64_16.0.2.v20210721-1149\jre\bin\javaw.exe
0x00007fff07200000 - 0x00007fff073f0000 	C:\windows\SYSTEM32\ntdll.dll
0x00007fff05b90000 - 0x00007fff05c43000 	C:\windows\System32\KERNEL32.dll
0x00007fff03d80000 - 0x00007fff03e99000 	C:\Windows\system32\hmpalert.dll
0x00007fff04bd0000 - 0x00007fff04e76000 	C:\windows\System32\KERNELBASE.dll
0x00007fff049f0000 - 0x00007fff04aea000 	C:\windows\System32\ucrtbase.dll
0x00007ffef8710000 - 0x00007ffef8729000 	C:\Users\nitkhitha.kuthukur\.p2\pool\plugins\org.eclipse.justj.openjdk.hotspot.jre.full.win32.x86_64_16.0.2.v20210721-1149\jre\bin\VCRUNTIME140.dll
0x00007ffef87a0000 - 0x00007ffef87b8000 	C:\Users\nitkhitha.kuthukur\.p2\pool\plugins\org.eclipse.justj.openjdk.hotspot.jre.full.win32.x86_64_16.0.2.v20210721-1149\jre\bin\jli.dll
0x00007fff05890000 - 0x00007fff05a24000 	C:\windows\System32\USER32.dll
0x00007fff04ba0000 - 0x00007fff04bc1000 	C:\windows\System32\win32u.dll
0x00007fff05eb0000 - 0x00007fff05ed6000 	C:\windows\System32\GDI32.dll
0x00007fff04e80000 - 0x00007fff05018000 	C:\windows\System32\gdi32full.dll
0x00007fff05080000 - 0x00007fff0511e000 	C:\windows\System32\msvcp_win.dll
0x00007ffef0d00000 - 0x00007ffef0f84000 	C:\windows\WinSxS\amd64_microsoft.windows.common-controls_6595b64144ccf1df_6.0.18362.1801_none_9e79a739e46243f0\COMCTL32.dll
0x00007fff05a30000 - 0x00007fff05ace000 	C:\windows\System32\msvcrt.dll
0x00007fff05ee0000 - 0x00007fff06216000 	C:\windows\System32\combase.dll
0x00007fff05cc0000 - 0x00007fff05ddf000 	C:\windows\System32\RPCRT4.dll
0x00007fff048f0000 - 0x00007fff04974000 	C:\windows\System32\bcryptPrimitives.dll
0x00007fff05490000 - 0x00007fff054be000 	C:\windows\System32\IMM32.DLL
0x00007ffefe4d0000 - 0x00007ffefe4dc000 	C:\Users\nitkhitha.kuthukur\.p2\pool\plugins\org.eclipse.justj.openjdk.hotspot.jre.full.win32.x86_64_16.0.2.v20210721-1149\jre\bin\vcruntime140_1.dll
0x00007ffeee690000 - 0x00007ffeee721000 	C:\Users\nitkhitha.kuthukur\.p2\pool\plugins\org.eclipse.justj.openjdk.hotspot.jre.full.win32.x86_64_16.0.2.v20210721-1149\jre\bin\msvcp140.dll
0x00007ffe6eb10000 - 0x00007ffe6f6bb000 	C:\Users\nitkhitha.kuthukur\.p2\pool\plugins\org.eclipse.justj.openjdk.hotspot.jre.full.win32.x86_64_16.0.2.v20210721-1149\jre\bin\server\jvm.dll
0x00007fff07030000 - 0x00007fff070d3000 	C:\windows\System32\ADVAPI32.dll
0x00007fff06710000 - 0x00007fff067a7000 	C:\windows\System32\sechost.dll
0x00007fff06ec0000 - 0x00007fff06ec8000 	C:\windows\System32\PSAPI.DLL
0x00007ffeebc40000 - 0x00007ffeebc49000 	C:\windows\SYSTEM32\WSOCK32.dll
0x00007ffefb4d0000 - 0x00007ffefb4da000 	C:\windows\SYSTEM32\VERSION.dll
0x00007fff06220000 - 0x00007fff0628f000 	C:\windows\System32\WS2_32.dll
0x00007ffefe3f0000 - 0x00007ffefe414000 	C:\windows\SYSTEM32\WINMM.dll
0x00007ffefe3c0000 - 0x00007ffefe3ed000 	C:\windows\SYSTEM32\winmmbase.dll
0x00007fff04980000 - 0x00007fff049ca000 	C:\windows\System32\cfgmgr32.dll
0x00007fff040c0000 - 0x00007fff040d1000 	C:\windows\System32\kernel.appcore.dll
0x00007ffef3f20000 - 0x00007ffef3f2a000 	C:\Users\nitkhitha.kuthukur\.p2\pool\plugins\org.eclipse.justj.openjdk.hotspot.jre.full.win32.x86_64_16.0.2.v20210721-1149\jre\bin\jimage.dll
0x00007fff02600000 - 0x00007fff027f4000 	C:\windows\SYSTEM32\DBGHELP.DLL
0x00007ffee7b60000 - 0x00007ffee7b8a000 	C:\windows\SYSTEM32\dbgcore.DLL
0x00007ffeee990000 - 0x00007ffeee9b5000 	C:\Users\nitkhitha.kuthukur\.p2\pool\plugins\org.eclipse.justj.openjdk.hotspot.jre.full.win32.x86_64_16.0.2.v20210721-1149\jre\bin\java.dll

dbghelp: loaded successfully - version: 4.0.5 - missing functions: none
symbol engine: initialized successfully - sym options: 0x614 - pdb path: .;C:\Users\nitkhitha.kuthukur\.p2\pool\plugins\org.eclipse.justj.openjdk.hotspot.jre.full.win32.x86_64_16.0.2.v20210721-1149\jre\bin;C:\windows\SYSTEM32;C:\windows\WinSxS\amd64_microsoft.windows.common-controls_6595b64144ccf1df_6.0.18362.1801_none_9e79a739e46243f0;C:\Users\nitkhitha.kuthukur\.p2\pool\plugins\org.eclipse.justj.openjdk.hotspot.jre.full.win32.x86_64_16.0.2.v20210721-1149\jre\bin\server

VM Arguments:
jvm_args: -ea -Dfile.encoding=Cp1252 -XX:+ShowCodeDetailsInExceptionMessages 
java_command: org.testng.remote.RemoteTestNG -serport 65267 -protocol json -d C:\Users\nitkhitha.kuthukur\OneDrive - J.Jill\Automation\Projects\JJillTest\test-output C:\Users\nitkhitha.kuthukur\OneDrive - J.Jill\Automation\Projects\JJillTest\testng.xml
java_class_path (initial): C:\Users\nitkhitha.kuthukur\eclipse\java-2021-06\eclipse\configuration\org.eclipse.osgi\442\0\.cp\lib\testng-remote.jar;C:\Users\nitkhitha.kuthukur\OneDrive - J.Jill\Automation\Projects\JJillTest\target\test-classes;C:\Users\nitkhitha.kuthukur\OneDrive - J.Jill\Automation\Projects\JJillTest\target\classes;C:\Users\nitkhitha.kuthukur\.m2\repository\org\seleniumhq\selenium\selenium-java\3.141.59\selenium-java-3.141.59.jar;C:\Users\nitkhitha.kuthukur\.m2\repository\org\seleniumhq\selenium\selenium-api\3.141.59\selenium-api-3.141.59.jar;C:\Users\nitkhitha.kuthukur\.m2\repository\org\seleniumhq\selenium\selenium-chrome-driver\3.141.59\selenium-chrome-driver-3.141.59.jar;C:\Users\nitkhitha.kuthukur\.m2\repository\org\seleniumhq\selenium\selenium-edge-driver\3.141.59\selenium-edge-driver-3.141.59.jar;C:\Users\nitkhitha.kuthukur\.m2\repository\org\seleniumhq\selenium\selenium-firefox-driver\3.141.59\selenium-firefox-driver-3.141.59.jar;C:\Users\nitkhitha.kuthukur\.m2\repository\org\seleniumhq\selenium\selenium-ie-driver\3.141.59\selenium-ie-driver-3.141.59.jar;C:\Users\nitkhitha.kuthukur\.m2\repository\org\seleniumhq\selenium\selenium-opera-driver\3.141.59\selenium-opera-driver-3.141.59.jar;C:\Users\nitkhitha.kuthukur\.m2\repository\org\seleniumhq\selenium\selenium-remote-driver\3.141.59\selenium-remote-driver-3.141.59.jar;C:\Users\nitkhitha.kuthukur\.m2\repository\org\seleniumhq\selenium\selenium-safari-driver\3.141.59\selenium-safari-driver-3.141.59.jar;C:\Users\nitkhitha.kuthukur\.m2\repository\org\seleniumhq\selenium\selenium-support\3.141.59\selenium-support-3.141.59.jar;C:\Users\nitkhitha.kuthukur\.m2\repository\net\bytebuddy\byte-buddy\1.8.15\byte-buddy-1.8.15.jar;C:\Users\nitkhitha.kuthukur\.m2\repository\org\apache\commons\commons-exec\1.3\commons-exec-1.3.jar;C:\Users\nitkhitha.kuthukur\.m2\repository\com\google\guava\guava\25.0-jre\guava-25.0-jre.jar;C:\Users\nitkhitha.kuthukur\.m2\repository\com\google\code\findbugs\jsr305\1.3.9\jsr3
Launcher Type: SUN_STANDARD

[Global flags]
     intx CICompilerCount                          = 4                                         {product} {ergonomic}
     uint ConcGCThreads                            = 2                                         {product} {ergonomic}
     uint G1ConcRefinementThreads                  = 8                                         {product} {ergonomic}
   size_t G1HeapRegionSize                         = 2097152                                   {product} {ergonomic}
    uintx GCDrainStackTargetSize                   = 64                                        {product} {ergonomic}
   size_t InitialHeapSize                          = 266338304                                 {product} {ergonomic}
   size_t MarkStackSize                            = 4194304                                   {product} {ergonomic}
   size_t MaxHeapSize                              = 4259315712                                {product} {ergonomic}
   size_t MinHeapDeltaBytes                        = 2097152                                   {product} {ergonomic}
   size_t MinHeapSize                              = 8388608                                   {product} {ergonomic}
    uintx NonNMethodCodeHeapSize                   = 5839372                                {pd product} {ergonomic}
    uintx NonProfiledCodeHeapSize                  = 122909434                              {pd product} {ergonomic}
    uintx ProfiledCodeHeapSize                     = 122909434                              {pd product} {ergonomic}
    uintx ReservedCodeCacheSize                    = 251658240                              {pd product} {ergonomic}
     bool SegmentedCodeCache                       = true                                      {product} {ergonomic}
     bool ShowCodeDetailsInExceptionMessages       = true                                   {manageable} {command line}
   size_t SoftMaxHeapSize                          = 4259315712                             {manageable} {ergonomic}
     bool UseCompressedClassPointers               = true                           {product lp64_product} {ergonomic}
     bool UseCompressedOops                        = true                           {product lp64_product} {ergonomic}
     bool UseG1GC                                  = true                                      {product} {ergonomic}
     bool UseLargePagesIndividualAllocation        = false                                  {pd product} {ergonomic}

Logging:
Log output configuration:
 #0: stdout all=warning uptime,level,tags
 #1: stderr all=off uptime,level,tags

Environment Variables:
PATH=C:/Users/nitkhitha.kuthukur/.p2/pool/plugins/org.eclipse.justj.openjdk.hotspot.jre.full.win32.x86_64_16.0.2.v20210721-1149/jre/bin/server;C:/Users/nitkhitha.kuthukur/.p2/pool/plugins/org.eclipse.justj.openjdk.hotspot.jre.full.win32.x86_64_16.0.2.v20210721-1149/jre/bin;C:\windows\system32;C:\windows;C:\windows\System32\Wbem;C:\windows\System32\WindowsPowerShell\v1.0\;C:\windows\System32\OpenSSH\;C:\Program Files (x86)\Micro Focus\RUMBA\;C:\Program Files (x86)\Micro Focus\RUMBA\System;C:\Program Files\Git\cmd;C:\Users\nitkhitha.kuthukur\AppData\Local\Microsoft\WindowsApps;;C:\Users\nitkhitha.kuthukur\eclipse\java-2021-06\eclipse;
USERNAME=Nikhitha.Muthukur
OS=Windows_NT
PROCESSOR_IDENTIFIER=Intel64 Family 6 Model 142 Stepping 10, GenuineIntel



---------------  S Y S T E M  ---------------

OS:
 Windows 10 , 64 bit Build 18362 (10.0.18362.1766)
OS uptime: 15 days 5:58 hours

CPU: total 8 (initial active 8) (4 cores per cpu, 2 threads per core) family 6 model 142 stepping 10 microcode 0x96, cx8, cmov, fxsr, ht, mmx, 3dnowpref, sse, sse2, sse3, ssse3, sse4.1, sse4.2, popcnt, lzcnt, tsc, tscinvbit, avx, avx2, aes, erms, clmul, bmi1, bmi2, rtm, adx, fma, vzeroupper, clflush, clflushopt

Memory: 4k page, system-wide physical 16244M (1384M free)
TotalPageFile size 46385M (AvailPageFile size 78M)
current process WorkingSet (physical memory assigned to process): 10M, peak: 10M
current process commit charge ("private bytes"): 60M, peak: 314M

vm_info: OpenJDK 64-Bit Server VM (16.0.2+7-67) for windows-amd64 JRE (16.0.2+7-67), built on Jun  8 2021 23:21:43 by "mach5one" with MS VC++ 16.7 (VS2019)

END.
